/root/human-pose-estimation.pytorch/pose_estimation/../lib/core/config.py:162: YAMLLoadWarning: calling yaml.load() without Loader=... is deprecated, as the default Loader is unsafe. Please read https://msg.pyyaml.org/load for full details.
  exp_config = edict(yaml.load(f))
Namespace(cfg='experiments/coco/resnet50/Deconv_256x192_d256x3_adam_lr1e-3.yaml', frequent=100, gpus='2', workers=None)
{'CUDNN': {'BENCHMARK': True, 'DETERMINISTIC': False, 'ENABLED': True},
 'DATASET': {'DATASET': 'coco',
             'DATA_FORMAT': 'jpg',
             'FLIP': True,
             'HYBRID_JOINTS_TYPE': '',
             'ROOT': 'data/coco/',
             'ROT_FACTOR': 40,
             'SCALE_FACTOR': 0.3,
             'SELECT_DATA': False,
             'TEST_SET': 'val2017',
             'TRAIN_SET': 'train2017'},
 'DATA_DIR': '',
 'DEBUG': {'DEBUG': True,
           'SAVE_BATCH_IMAGES_GT': True,
           'SAVE_BATCH_IMAGES_PRED': True,
           'SAVE_HEATMAPS_GT': True,
           'SAVE_HEATMAPS_PRED': True},
 'GPUS': '2',
 'LOG_DIR': 'log',
 'LOSS': {'USE_TARGET_WEIGHT': True},
 'MODEL': {'EXTRA': {'DECONV_WITH_BIAS': False,
                     'FINAL_CONV_KERNEL': 1,
                     'HEATMAP_SIZE': array([48, 64]),
                     'NUM_DECONV_FILTERS': [256, 256, 256],
                     'NUM_DECONV_KERNELS': [4, 4, 4],
                     'NUM_DECONV_LAYERS': 3,
                     'NUM_LAYERS': 50,
                     'SIGMA': 2,
                     'TARGET_TYPE': 'gaussian'},
           'IMAGE_SIZE': array([192, 256]),
           'INIT_WEIGHTS': True,
           'NAME': 'Deconv_pose_resnet',
           'NUM_JOINTS': 17,
           'PRETRAINED': 'models/pytorch/imagenet/resnet50-19c8e357.pth',
           'STYLE': 'pytorch'},
 'OUTPUT_DIR': 'output',
 'PRINT_FREQ': 100,
 'TEST': {'BATCH_SIZE': 10,
          'BBOX_THRE': 1.0,
          'COCO_BBOX_FILE': 'data/coco/person_detection_results/COCO_val2017_detections_AP_H_56_person.json',
          'FLIP_TEST': False,
          'IMAGE_THRE': 0.0,
          'IN_VIS_THRE': 0.2,
          'MODEL_FILE': '',
          'NMS_THRE': 1.0,
          'OKS_THRE': 0.9,
          'POST_PROCESS': True,
          'SHIFT_HEATMAP': True,
          'USE_GT_BBOX': True},
 'TRAIN': {'BATCH_SIZE': 10,
           'BEGIN_EPOCH': 0,
           'CHECKPOINT': '',
           'END_EPOCH': 100,
           'GAMMA1': 0.99,
           'GAMMA2': 0.0,
           'LR': 0.001,
           'LR_FACTOR': 0.1,
           'LR_STEP': [90, 120],
           'MOMENTUM': 0.9,
           'NESTEROV': False,
           'OPTIMIZER': 'adam',
           'RESUME': False,
           'SHUFFLE': True,
           'WD': 0.0001},
 'WORKERS': 4}
=> init deconv weights from normal distribution
=> init 0.weight as normal(0, 0.001)
=> init 0.bias as 0
=> init 1.weight as 1
=> init 1.bias as 0
=> init 3.weight as normal(0, 0.001)
=> init 3.bias as 0
=> init 4.weight as 1
=> init 4.bias as 0
=> init 6.weight as normal(0, 0.001)
=> init 6.bias as 0
=> init 7.weight as 1
=> init 7.bias as 0
=> init final conv weights from normal distribution
=> init 8.weight as normal(0, 0.001)
=> init 8.bias as 0
=> loading pretrained model models/pytorch/imagenet/resnet50-19c8e357.pth
=> creating output/coco/Deconv_pose_resnet_50/Deconv_256x192_d256x3_adam_lr1e-3
=> creating log/coco/Deconv_pose_resnet_50/Deconv_256x192_d256x3_adam_lr1e-3_2019-06-05-10-59
Deconv start
Traceback (most recent call last):
  File "pose_estimation/train.py", line 210, in <module>
    main()
  File "pose_estimation/train.py", line 119, in main
    summary(model, input_size=(3, config.MODEL.IMAGE_SIZE[1], config.MODEL.IMAGE_SIZE[0])) #C,H,W
  File "/root/anaconda3/envs/python3/lib/python3.7/site-packages/torchsummary/torchsummary.py", line 72, in summary
    model(*x)
  File "/root/anaconda3/envs/python3/lib/python3.7/site-packages/torch/nn/modules/module.py", line 493, in __call__
    result = self.forward(*input, **kwargs)
  File "/root/anaconda3/envs/python3/lib/python3.7/site-packages/torch/nn/parallel/data_parallel.py", line 146, in forward
    "them on device: {}".format(self.src_device_obj, t.device))
RuntimeError: module must have its parameters and buffers on device cuda:2 (device_ids[0]) but found one of them on device: cuda:0
